

Microchip MPLAB XC8 Assembler V2.32 build 20210201212658 
                                                                                               Mon Nov 08 21:31:38 2021

Microchip MPLAB XC8 C Compiler v2.32 (Free license) build 20210201212658 Og1 
     1                           	processor	16F877A
     2                           	pagewidth 120
     3                           	opt	flic
     4                           	psect	cinit,global,class=CODE,merge=1,delta=2
     5                           	psect	cstackCOMMON,global,class=COMMON,space=1,delta=1,noexec
     6                           	psect	maintext,global,class=CODE,split=1,delta=2
     7                           	dabs	1,0x7E,2
     8  0000                     
     9                           ; Version 2.20
    10                           ; Generated 12/02/2020 GMT
    11                           ; 
    12                           ; Copyright © 2020, Microchip Technology Inc. and its subsidiaries ("Microchip")
    13                           ; All rights reserved.
    14                           ; 
    15                           ; This software is developed by Microchip Technology Inc. and its subsidiaries ("Microch
      +                          ip").
    16                           ; 
    17                           ; Redistribution and use in source and binary forms, with or without modification, are
    18                           ; permitted provided that the following conditions are met:
    19                           ; 
    20                           ;     1. Redistributions of source code must retain the above copyright notice, this lis
      +                          t of
    21                           ;        conditions and the following disclaimer.
    22                           ; 
    23                           ;     2. Redistributions in binary form must reproduce the above copyright notice, this 
      +                          list
    24                           ;        of conditions and the following disclaimer in the documentation and/or other
    25                           ;        materials provided with the distribution.
    26                           ; 
    27                           ;     3. Microchip's name may not be used to endorse or promote products derived from th
      +                          is
    28                           ;        software without specific prior written permission.
    29                           ; 
    30                           ; THIS SOFTWARE IS PROVIDED BY MICROCHIP "AS IS" AND ANY EXPRESS OR IMPLIED WARRANTIES,
    31                           ; INCLUDING, BUT NOT LIMITED TO, THE IMPLIED WARRANTIES OF MERCHANTABILITY AND FITNESS F
      +                          OR
    32                           ; PURPOSE ARE DISCLAIMED.  IN NO EVENT SHALL MICROCHIP BE LIABLE FOR ANY DIRECT, INDIREC
      +                          T,
    33                           ; INCIDENTAL, SPECIAL, EXEMPLARY, OR CONSEQUENTIAL DAMAGES (INCLUDING BUT NOT LIMITED TO
    34                           ; PROCUREMENT OF SUBSTITUTE GOODS OR SERVICES; LOSS OF USE, DATA OR PROFITS; OR BUSINESS
    35                           ; INTERRUPTION) HOWSOEVER CAUSED AND ON ANY THEORY OF LIABILITY, WHETHER IN CONTRACT, ST
      +                          RICT
    36                           ; LIABILITY, OR TORT (INCLUDING NEGLIGENCE OR OTHERWISE) ARISING IN ANY WAY OUT OF THE U
      +                          SE OF
    37                           ; THIS SOFTWARE, EVEN IF ADVISED OF THE POSSIBILITY OF SUCH DAMAGE.
    38                           ; 
    39                           ; 
    40                           ; Code-generator required, PIC16F877A Definitions
    41                           ; 
    42                           ; SFR Addresses
    43  0000                     	;# 
    44  0001                     	;# 
    45  0002                     	;# 
    46  0003                     	;# 
    47  0004                     	;# 
    48  0005                     	;# 
    49  0006                     	;# 
    50  0007                     	;# 
    51  0008                     	;# 
    52  0009                     	;# 
    53  000A                     	;# 
    54  000B                     	;# 
    55  000C                     	;# 
    56  000D                     	;# 
    57  000E                     	;# 
    58  000E                     	;# 
    59  000F                     	;# 
    60  0010                     	;# 
    61  0011                     	;# 
    62  0012                     	;# 
    63  0013                     	;# 
    64  0014                     	;# 
    65  0015                     	;# 
    66  0015                     	;# 
    67  0016                     	;# 
    68  0017                     	;# 
    69  0018                     	;# 
    70  0019                     	;# 
    71  001A                     	;# 
    72  001B                     	;# 
    73  001B                     	;# 
    74  001C                     	;# 
    75  001D                     	;# 
    76  001E                     	;# 
    77  001F                     	;# 
    78  0081                     	;# 
    79  0085                     	;# 
    80  0086                     	;# 
    81  0087                     	;# 
    82  0088                     	;# 
    83  0089                     	;# 
    84  008C                     	;# 
    85  008D                     	;# 
    86  008E                     	;# 
    87  0091                     	;# 
    88  0092                     	;# 
    89  0093                     	;# 
    90  0094                     	;# 
    91  0098                     	;# 
    92  0099                     	;# 
    93  009C                     	;# 
    94  009D                     	;# 
    95  009E                     	;# 
    96  009F                     	;# 
    97  010C                     	;# 
    98  010D                     	;# 
    99  010E                     	;# 
   100  010F                     	;# 
   101  018C                     	;# 
   102  018D                     	;# 
   103  0000                     	;# 
   104  0001                     	;# 
   105  0002                     	;# 
   106  0003                     	;# 
   107  0004                     	;# 
   108  0005                     	;# 
   109  0006                     	;# 
   110  0007                     	;# 
   111  0008                     	;# 
   112  0009                     	;# 
   113  000A                     	;# 
   114  000B                     	;# 
   115  000C                     	;# 
   116  000D                     	;# 
   117  000E                     	;# 
   118  000E                     	;# 
   119  000F                     	;# 
   120  0010                     	;# 
   121  0011                     	;# 
   122  0012                     	;# 
   123  0013                     	;# 
   124  0014                     	;# 
   125  0015                     	;# 
   126  0015                     	;# 
   127  0016                     	;# 
   128  0017                     	;# 
   129  0018                     	;# 
   130  0019                     	;# 
   131  001A                     	;# 
   132  001B                     	;# 
   133  001B                     	;# 
   134  001C                     	;# 
   135  001D                     	;# 
   136  001E                     	;# 
   137  001F                     	;# 
   138  0081                     	;# 
   139  0085                     	;# 
   140  0086                     	;# 
   141  0087                     	;# 
   142  0088                     	;# 
   143  0089                     	;# 
   144  008C                     	;# 
   145  008D                     	;# 
   146  008E                     	;# 
   147  0091                     	;# 
   148  0092                     	;# 
   149  0093                     	;# 
   150  0094                     	;# 
   151  0098                     	;# 
   152  0099                     	;# 
   153  009C                     	;# 
   154  009D                     	;# 
   155  009E                     	;# 
   156  009F                     	;# 
   157  010C                     	;# 
   158  010D                     	;# 
   159  010E                     	;# 
   160  010F                     	;# 
   161  018C                     	;# 
   162  018D                     	;# 
   163  0000                     	;# 
   164  0001                     	;# 
   165  0002                     	;# 
   166  0003                     	;# 
   167  0004                     	;# 
   168  0005                     	;# 
   169  0006                     	;# 
   170  0007                     	;# 
   171  0008                     	;# 
   172  0009                     	;# 
   173  000A                     	;# 
   174  000B                     	;# 
   175  000C                     	;# 
   176  000D                     	;# 
   177  000E                     	;# 
   178  000E                     	;# 
   179  000F                     	;# 
   180  0010                     	;# 
   181  0011                     	;# 
   182  0012                     	;# 
   183  0013                     	;# 
   184  0014                     	;# 
   185  0015                     	;# 
   186  0015                     	;# 
   187  0016                     	;# 
   188  0017                     	;# 
   189  0018                     	;# 
   190  0019                     	;# 
   191  001A                     	;# 
   192  001B                     	;# 
   193  001B                     	;# 
   194  001C                     	;# 
   195  001D                     	;# 
   196  001E                     	;# 
   197  001F                     	;# 
   198  0081                     	;# 
   199  0085                     	;# 
   200  0086                     	;# 
   201  0087                     	;# 
   202  0088                     	;# 
   203  0089                     	;# 
   204  008C                     	;# 
   205  008D                     	;# 
   206  008E                     	;# 
   207  0091                     	;# 
   208  0092                     	;# 
   209  0093                     	;# 
   210  0094                     	;# 
   211  0098                     	;# 
   212  0099                     	;# 
   213  009C                     	;# 
   214  009D                     	;# 
   215  009E                     	;# 
   216  009F                     	;# 
   217  010C                     	;# 
   218  010D                     	;# 
   219  010E                     	;# 
   220  010F                     	;# 
   221  018C                     	;# 
   222  018D                     	;# 
   223  0000                     	;# 
   224  0001                     	;# 
   225  0002                     	;# 
   226  0003                     	;# 
   227  0004                     	;# 
   228  0005                     	;# 
   229  0006                     	;# 
   230  0007                     	;# 
   231  0008                     	;# 
   232  0009                     	;# 
   233  000A                     	;# 
   234  000B                     	;# 
   235  000C                     	;# 
   236  000D                     	;# 
   237  000E                     	;# 
   238  000E                     	;# 
   239  000F                     	;# 
   240  0010                     	;# 
   241  0011                     	;# 
   242  0012                     	;# 
   243  0013                     	;# 
   244  0014                     	;# 
   245  0015                     	;# 
   246  0015                     	;# 
   247  0016                     	;# 
   248  0017                     	;# 
   249  0018                     	;# 
   250  0019                     	;# 
   251  001A                     	;# 
   252  001B                     	;# 
   253  001B                     	;# 
   254  001C                     	;# 
   255  001D                     	;# 
   256  001E                     	;# 
   257  001F                     	;# 
   258  0081                     	;# 
   259  0085                     	;# 
   260  0086                     	;# 
   261  0087                     	;# 
   262  0088                     	;# 
   263  0089                     	;# 
   264  008C                     	;# 
   265  008D                     	;# 
   266  008E                     	;# 
   267  0091                     	;# 
   268  0092                     	;# 
   269  0093                     	;# 
   270  0094                     	;# 
   271  0098                     	;# 
   272  0099                     	;# 
   273  009C                     	;# 
   274  009D                     	;# 
   275  009E                     	;# 
   276  009F                     	;# 
   277  010C                     	;# 
   278  010D                     	;# 
   279  010E                     	;# 
   280  010F                     	;# 
   281  018C                     	;# 
   282  018D                     	;# 
   283  0000                     	;# 
   284  0001                     	;# 
   285  0002                     	;# 
   286  0003                     	;# 
   287  0004                     	;# 
   288  0005                     	;# 
   289  0006                     	;# 
   290  0007                     	;# 
   291  0008                     	;# 
   292  0009                     	;# 
   293  000A                     	;# 
   294  000B                     	;# 
   295  000C                     	;# 
   296  000D                     	;# 
   297  000E                     	;# 
   298  000E                     	;# 
   299  000F                     	;# 
   300  0010                     	;# 
   301  0011                     	;# 
   302  0012                     	;# 
   303  0013                     	;# 
   304  0014                     	;# 
   305  0015                     	;# 
   306  0015                     	;# 
   307  0016                     	;# 
   308  0017                     	;# 
   309  0018                     	;# 
   310  0019                     	;# 
   311  001A                     	;# 
   312  001B                     	;# 
   313  001B                     	;# 
   314  001C                     	;# 
   315  001D                     	;# 
   316  001E                     	;# 
   317  001F                     	;# 
   318  0081                     	;# 
   319  0085                     	;# 
   320  0086                     	;# 
   321  0087                     	;# 
   322  0088                     	;# 
   323  0089                     	;# 
   324  008C                     	;# 
   325  008D                     	;# 
   326  008E                     	;# 
   327  0091                     	;# 
   328  0092                     	;# 
   329  0093                     	;# 
   330  0094                     	;# 
   331  0098                     	;# 
   332  0099                     	;# 
   333  009C                     	;# 
   334  009D                     	;# 
   335  009E                     	;# 
   336  009F                     	;# 
   337  010C                     	;# 
   338  010D                     	;# 
   339  010E                     	;# 
   340  010F                     	;# 
   341  018C                     	;# 
   342  018D                     	;# 
   343  0009                     _PORTE	set	9
   344  0008                     _PORTD	set	8
   345  0007                     _PORTC	set	7
   346  0006                     _PORTB	set	6
   347  0005                     _PORTA	set	5
   348  005D                     _TMR0IE	set	93
   349  0081                     _OPTION_REG	set	129
   350  0089                     _TRISE	set	137
   351  0088                     _TRISD	set	136
   352  0087                     _TRISC	set	135
   353  0086                     _TRISB	set	134
   354  0085                     _TRISA	set	133
   355  040B                     _PSA	set	1035
   356                           
   357                           	psect	cinit
   358  07FC                     start_initialization:	
   359                           ; #config settings
   360                           
   361  07FC                     __initialization:
   362  07FC                     end_of_initialization:	
   363                           ;End of C runtime variable initialization code
   364                           
   365  07FC                     __end_of__initialization:
   366  07FC  0183               	clrf	3
   367  07FD  120A  118A  2FF8   	ljmp	_main	;jump to C main() function
   368                           
   369                           	psect	cstackCOMMON
   370  0000                     __pcstackCOMMON:
   371  0000                     ?_main:
   372  0000                     ??_main:	
   373                           ; 1 bytes @ 0x0
   374                           
   375                           
   376                           	psect	maintext
   377  07F8                     __pmaintext:	
   378                           ; 1 bytes @ 0x0
   379 ;;
   380 ;;Main: autosize = 0, tempsize = 0, incstack = 0, save=0
   381 ;;
   382 ;; *************** function _main *****************
   383 ;; Defined at:
   384 ;;		line 14 in file "main.c"
   385 ;; Parameters:    Size  Location     Type
   386 ;;		None
   387 ;; Auto vars:     Size  Location     Type
   388 ;;  count           2    0        int 
   389 ;; Return value:  Size  Location     Type
   390 ;;                  1    wreg      void 
   391 ;; Registers used:
   392 ;;		status,2
   393 ;; Tracked objects:
   394 ;;		On entry : B00/0
   395 ;;		On exit  : 0/0
   396 ;;		Unchanged: 0/0
   397 ;; Data sizes:     COMMON   BANK0   BANK1   BANK3   BANK2
   398 ;;      Params:         0       0       0       0       0
   399 ;;      Locals:         0       0       0       0       0
   400 ;;      Temps:          0       0       0       0       0
   401 ;;      Totals:         0       0       0       0       0
   402 ;;Total ram usage:        0 bytes
   403 ;; This function calls:
   404 ;;		Nothing
   405 ;; This function is called by:
   406 ;;		Startup code after reset
   407 ;; This function uses a non-reentrant model
   408 ;;
   409                           
   410                           
   411                           ;psect for function _main
   412  07F8                     _main:
   413  07F8                     l740:	
   414                           ;incstack = 0
   415                           ; Regs used in _main: [status,2]
   416                           
   417  07F8                     l5:	
   418                           ;main.c: 25:     while(1){
   419                           
   420  07F8                     l6:	
   421                           ;main.c: 42:         }
   422                           
   423  07F8  2FF8               	goto	l5
   424  07F9  120A  118A  2800   	ljmp	start
   425  07FC                     __end_of_main:
   426  007E                     btemp	set	126	;btemp
   427  007E                     wtemp0	set	126

Data Sizes:
    Strings     0
    Constant    0
    Data        0
    BSS         0
    Persistent  0
    Stack       0

Auto Spaces:
    Space          Size  Autos    Used
    COMMON           14      0       0
    BANK0            80      0       0
    BANK1            80      0       0
    BANK3            96      0       0
    BANK2            96      0       0

Pointer List with Targets:

    None.

Critical Paths under _main in COMMON

    None.

Critical Paths under _main in BANK0

    None.

Critical Paths under _main in BANK1

    None.

Critical Paths under _main in BANK3

    None.

Critical Paths under _main in BANK2

    None.

Call Graph Tables:

 ---------------------------------------------------------------------------------
 (Depth) Function   	        Calls       Base Space   Used Autos Params    Refs
 ---------------------------------------------------------------------------------
 (0) _main                                                 2     2      0       0
 ---------------------------------------------------------------------------------
 Estimated maximum stack depth 0
 ---------------------------------------------------------------------------------

 Call Graph Graphs:

 _main (ROOT)

 Address spaces:
Name               Size   Autos  Total    Cost      Usage
BITCOMMON            E      0       0       0        0.0%
EEDATA             100      0       0       0        0.0%
NULL                 0      0       0       0        0.0%
CODE                 0      0       0       0        0.0%
COMMON               E      0       0       1        0.0%
BITSFR0              0      0       0       1        0.0%
SFR0                 0      0       0       1        0.0%
BITSFR1              0      0       0       2        0.0%
SFR1                 0      0       0       2        0.0%
STACK                0      0       0       2        0.0%
ABS                  0      0       0       3        0.0%
BITBANK0            50      0       0       4        0.0%
BITSFR3              0      0       0       4        0.0%
SFR3                 0      0       0       4        0.0%
BANK0               50      0       0       5        0.0%
BITSFR2              0      0       0       5        0.0%
SFR2                 0      0       0       5        0.0%
BITBANK1            50      0       0       6        0.0%
BANK1               50      0       0       7        0.0%
BITBANK3            60      0       0       8        0.0%
BANK3               60      0       0       9        0.0%
BITBANK2            60      0       0      10        0.0%
BANK2               60      0       0      11        0.0%
DATA                 0      0       0      12        0.0%


Microchip Technology PIC Macro Assembler V2.32 build 20210201212658 
Symbol Table                                                                                   Mon Nov 08 21:31:38 2021

                      l5 07F8                        l6 07F8                      l740 07F8  
                    _PSA 040B                     _main 07F8                     btemp 007E  
                   start 0000                    ?_main 0000                    _PORTA 0005  
                  _PORTB 0006                    _PORTC 0007                    _PORTD 0008  
                  _PORTE 0009                    _TRISA 0085                    _TRISB 0086  
                  _TRISC 0087                    _TRISD 0088                    _TRISE 0089  
                  status 0003                    wtemp0 007E          __initialization 07FC  
           __end_of_main 07FC                   ??_main 0000                   _TMR0IE 005D  
__end_of__initialization 07FC           __pcstackCOMMON 0000               __pmaintext 07F8  
   end_of_initialization 07FC      start_initialization 07FC                ___latbits 0002  
          __size_of_main 0004               _OPTION_REG 0081  
